[INFO  - 2016-02-06T11:42:54.237Z] GhostDriver - Main - running on port 23162
[INFO  - 2016-02-06T11:42:54.514Z] Session [c29984e0-ccc6-11e5-b6fe-fdf33ef01a25] - CONSTRUCTOR - Desired Capabilities: {"browserName":"phantomjs","version":"","platform":"ANY"}
[INFO  - 2016-02-06T11:42:54.514Z] Session [c29984e0-ccc6-11e5-b6fe-fdf33ef01a25] - CONSTRUCTOR - Negotiated Capabilities: {"browserName":"phantomjs","version":"1.9.0","driverName":"ghostdriver","driverVersion":"1.0.3","platform":"linux-unknown-64bit","javascriptEnabled":true,"takesScreenshot":true,"handlesAlerts":false,"databaseEnabled":false,"locationContextEnabled":false,"applicationCacheEnabled":false,"browserConnectionEnabled":false,"cssSelectorsEnabled":true,"webStorageEnabled":false,"rotatable":false,"acceptSslCerts":false,"nativeEvents":true,"proxy":{"proxyType":"direct"}}
[INFO  - 2016-02-06T11:42:54.514Z] SessionManagerReqHand - _postNewSessionCommand - New Session Created: c29984e0-ccc6-11e5-b6fe-fdf33ef01a25
[INFO  - 2016-02-06T11:44:09.645Z] ShutdownReqHand - _handle - About to shutdown
[INFO  - 2016-02-06T12:22:51.856Z] GhostDriver - Main - running on port 4941
[INFO  - 2016-02-06T12:22:52.251Z] Session [57c34d80-cccc-11e5-81c7-599e4608602e] - CONSTRUCTOR - Desired Capabilities: {"browserName":"phantomjs","version":"","platform":"ANY"}
[INFO  - 2016-02-06T12:22:52.251Z] Session [57c34d80-cccc-11e5-81c7-599e4608602e] - CONSTRUCTOR - Negotiated Capabilities: {"browserName":"phantomjs","version":"1.9.0","driverName":"ghostdriver","driverVersion":"1.0.3","platform":"linux-unknown-64bit","javascriptEnabled":true,"takesScreenshot":true,"handlesAlerts":false,"databaseEnabled":false,"locationContextEnabled":false,"applicationCacheEnabled":false,"browserConnectionEnabled":false,"cssSelectorsEnabled":true,"webStorageEnabled":false,"rotatable":false,"acceptSslCerts":false,"nativeEvents":true,"proxy":{"proxyType":"direct"}}
[INFO  - 2016-02-06T12:22:52.252Z] SessionManagerReqHand - _postNewSessionCommand - New Session Created: 57c34d80-cccc-11e5-81c7-599e4608602e
[INFO  - 2016-02-06T12:23:42.106Z] ShutdownReqHand - _handle - About to shutdown
[INFO  - 2016-02-06T12:49:15.343Z] GhostDriver - Main - running on port 2517
[INFO  - 2016-02-06T12:49:15.698Z] Session [0791d5d0-ccd0-11e5-bf75-2b87f14ca77b] - CONSTRUCTOR - Desired Capabilities: {"browserName":"phantomjs","version":"","platform":"ANY"}
[INFO  - 2016-02-06T12:49:15.699Z] Session [0791d5d0-ccd0-11e5-bf75-2b87f14ca77b] - CONSTRUCTOR - Negotiated Capabilities: {"browserName":"phantomjs","version":"1.9.0","driverName":"ghostdriver","driverVersion":"1.0.3","platform":"linux-unknown-64bit","javascriptEnabled":true,"takesScreenshot":true,"handlesAlerts":false,"databaseEnabled":false,"locationContextEnabled":false,"applicationCacheEnabled":false,"browserConnectionEnabled":false,"cssSelectorsEnabled":true,"webStorageEnabled":false,"rotatable":false,"acceptSslCerts":false,"nativeEvents":true,"proxy":{"proxyType":"direct"}}
[INFO  - 2016-02-06T12:49:15.699Z] SessionManagerReqHand - _postNewSessionCommand - New Session Created: 0791d5d0-ccd0-11e5-bf75-2b87f14ca77b
[INFO  - 2016-02-09T11:35:40.901Z] GhostDriver - Main - running on port 28892
[INFO  - 2016-02-09T11:35:41.250Z] Session [3f9814f0-cf21-11e5-bc01-25829bfef3ed] - CONSTRUCTOR - Desired Capabilities: {"browserName":"phantomjs","version":"","platform":"ANY"}
[INFO  - 2016-02-09T11:35:41.250Z] Session [3f9814f0-cf21-11e5-bc01-25829bfef3ed] - CONSTRUCTOR - Negotiated Capabilities: {"browserName":"phantomjs","version":"1.9.0","driverName":"ghostdriver","driverVersion":"1.0.3","platform":"linux-unknown-64bit","javascriptEnabled":true,"takesScreenshot":true,"handlesAlerts":false,"databaseEnabled":false,"locationContextEnabled":false,"applicationCacheEnabled":false,"browserConnectionEnabled":false,"cssSelectorsEnabled":true,"webStorageEnabled":false,"rotatable":false,"acceptSslCerts":false,"nativeEvents":true,"proxy":{"proxyType":"direct"}}
[INFO  - 2016-02-09T11:35:41.250Z] SessionManagerReqHand - _postNewSessionCommand - New Session Created: 3f9814f0-cf21-11e5-bc01-25829bfef3ed
[INFO  - 2016-02-09T11:35:57.861Z] ShutdownReqHand - _handle - About to shutdown
[INFO  - 2016-02-10T18:21:58.323Z] GhostDriver - Main - running on port 3834
[INFO  - 2016-02-10T18:21:58.509Z] Session [2bfc5ca0-d023-11e5-b872-d5ae4bd498a7] - CONSTRUCTOR - Desired Capabilities: {"browserName":"phantomjs","version":"","platform":"ANY"}
[INFO  - 2016-02-10T18:21:58.509Z] Session [2bfc5ca0-d023-11e5-b872-d5ae4bd498a7] - CONSTRUCTOR - Negotiated Capabilities: {"browserName":"phantomjs","version":"1.9.0","driverName":"ghostdriver","driverVersion":"1.0.3","platform":"linux-unknown-64bit","javascriptEnabled":true,"takesScreenshot":true,"handlesAlerts":false,"databaseEnabled":false,"locationContextEnabled":false,"applicationCacheEnabled":false,"browserConnectionEnabled":false,"cssSelectorsEnabled":true,"webStorageEnabled":false,"rotatable":false,"acceptSslCerts":false,"nativeEvents":true,"proxy":{"proxyType":"direct"}}
[INFO  - 2016-02-10T18:21:58.509Z] SessionManagerReqHand - _postNewSessionCommand - New Session Created: 2bfc5ca0-d023-11e5-b872-d5ae4bd498a7
[INFO  - 2016-02-10T18:23:35.512Z] ShutdownReqHand - _handle - About to shutdown
[INFO  - 2016-02-10T20:32:30.064Z] GhostDriver - Main - running on port 4927
[INFO  - 2016-02-10T20:32:30.410Z] Session [68297660-d035-11e5-964c-4db0fd29666a] - CONSTRUCTOR - Desired Capabilities: {"browserName":"phantomjs","version":"","platform":"ANY"}
[INFO  - 2016-02-10T20:32:30.410Z] Session [68297660-d035-11e5-964c-4db0fd29666a] - CONSTRUCTOR - Negotiated Capabilities: {"browserName":"phantomjs","version":"1.9.0","driverName":"ghostdriver","driverVersion":"1.0.3","platform":"linux-unknown-64bit","javascriptEnabled":true,"takesScreenshot":true,"handlesAlerts":false,"databaseEnabled":false,"locationContextEnabled":false,"applicationCacheEnabled":false,"browserConnectionEnabled":false,"cssSelectorsEnabled":true,"webStorageEnabled":false,"rotatable":false,"acceptSslCerts":false,"nativeEvents":true,"proxy":{"proxyType":"direct"}}
[INFO  - 2016-02-10T20:32:30.410Z] SessionManagerReqHand - _postNewSessionCommand - New Session Created: 68297660-d035-11e5-964c-4db0fd29666a
[INFO  - 2016-02-10T20:34:25.133Z] ShutdownReqHand - _handle - About to shutdown
[INFO  - 2016-02-10T20:35:32.327Z] GhostDriver - Main - running on port 19137
[INFO  - 2016-02-10T20:35:32.619Z] Session [d4c48080-d035-11e5-a9a4-01c07209ca57] - CONSTRUCTOR - Desired Capabilities: {"browserName":"phantomjs","version":"","platform":"ANY"}
[INFO  - 2016-02-10T20:35:32.620Z] Session [d4c48080-d035-11e5-a9a4-01c07209ca57] - CONSTRUCTOR - Negotiated Capabilities: {"browserName":"phantomjs","version":"1.9.0","driverName":"ghostdriver","driverVersion":"1.0.3","platform":"linux-unknown-64bit","javascriptEnabled":true,"takesScreenshot":true,"handlesAlerts":false,"databaseEnabled":false,"locationContextEnabled":false,"applicationCacheEnabled":false,"browserConnectionEnabled":false,"cssSelectorsEnabled":true,"webStorageEnabled":false,"rotatable":false,"acceptSslCerts":false,"nativeEvents":true,"proxy":{"proxyType":"direct"}}
[INFO  - 2016-02-10T20:35:32.620Z] SessionManagerReqHand - _postNewSessionCommand - New Session Created: d4c48080-d035-11e5-a9a4-01c07209ca57
[INFO  - 2016-02-10T22:23:27.523Z] GhostDriver - Main - running on port 9574
[INFO  - 2016-02-10T22:23:27.890Z] Session [e85423d0-d044-11e5-bc5e-e3d7effe782f] - CONSTRUCTOR - Desired Capabilities: {"browserName":"phantomjs","version":"","platform":"ANY"}
[INFO  - 2016-02-10T22:23:27.891Z] Session [e85423d0-d044-11e5-bc5e-e3d7effe782f] - CONSTRUCTOR - Negotiated Capabilities: {"browserName":"phantomjs","version":"1.9.0","driverName":"ghostdriver","driverVersion":"1.0.3","platform":"linux-unknown-64bit","javascriptEnabled":true,"takesScreenshot":true,"handlesAlerts":false,"databaseEnabled":false,"locationContextEnabled":false,"applicationCacheEnabled":false,"browserConnectionEnabled":false,"cssSelectorsEnabled":true,"webStorageEnabled":false,"rotatable":false,"acceptSslCerts":false,"nativeEvents":true,"proxy":{"proxyType":"direct"}}
[INFO  - 2016-02-10T22:23:27.891Z] SessionManagerReqHand - _postNewSessionCommand - New Session Created: e85423d0-d044-11e5-bc5e-e3d7effe782f
[INFO  - 2016-02-10T22:25:25.645Z] ShutdownReqHand - _handle - About to shutdown
[INFO  - 2016-02-10T22:45:39.493Z] GhostDriver - Main - running on port 12455
[INFO  - 2016-02-10T22:45:39.929Z] Session [02492940-d048-11e5-a080-b79376b03378] - CONSTRUCTOR - Desired Capabilities: {"browserName":"phantomjs","version":"","platform":"ANY"}
[INFO  - 2016-02-10T22:45:39.929Z] Session [02492940-d048-11e5-a080-b79376b03378] - CONSTRUCTOR - Negotiated Capabilities: {"browserName":"phantomjs","version":"1.9.0","driverName":"ghostdriver","driverVersion":"1.0.3","platform":"linux-unknown-64bit","javascriptEnabled":true,"takesScreenshot":true,"handlesAlerts":false,"databaseEnabled":false,"locationContextEnabled":false,"applicationCacheEnabled":false,"browserConnectionEnabled":false,"cssSelectorsEnabled":true,"webStorageEnabled":false,"rotatable":false,"acceptSslCerts":false,"nativeEvents":true,"proxy":{"proxyType":"direct"}}
[INFO  - 2016-02-10T22:45:39.930Z] SessionManagerReqHand - _postNewSessionCommand - New Session Created: 02492940-d048-11e5-a080-b79376b03378
[INFO  - 2016-02-10T22:46:01.207Z] ShutdownReqHand - _handle - About to shutdown
[INFO  - 2016-02-10T22:51:16.117Z] GhostDriver - Main - running on port 25840
[INFO  - 2016-02-10T22:51:16.426Z] Session [cada6040-d048-11e5-ba68-bf7ca6526dbd] - CONSTRUCTOR - Desired Capabilities: {"browserName":"phantomjs","version":"","platform":"ANY"}
[INFO  - 2016-02-10T22:51:16.428Z] Session [cada6040-d048-11e5-ba68-bf7ca6526dbd] - CONSTRUCTOR - Negotiated Capabilities: {"browserName":"phantomjs","version":"1.9.0","driverName":"ghostdriver","driverVersion":"1.0.3","platform":"linux-unknown-64bit","javascriptEnabled":true,"takesScreenshot":true,"handlesAlerts":false,"databaseEnabled":false,"locationContextEnabled":false,"applicationCacheEnabled":false,"browserConnectionEnabled":false,"cssSelectorsEnabled":true,"webStorageEnabled":false,"rotatable":false,"acceptSslCerts":false,"nativeEvents":true,"proxy":{"proxyType":"direct"}}
[INFO  - 2016-02-10T22:51:16.428Z] SessionManagerReqHand - _postNewSessionCommand - New Session Created: cada6040-d048-11e5-ba68-bf7ca6526dbd
[INFO  - 2016-02-10T22:51:42.697Z] ShutdownReqHand - _handle - About to shutdown
[INFO  - 2016-02-10T22:54:35.012Z] GhostDriver - Main - running on port 23878
[INFO  - 2016-02-10T22:54:35.398Z] Session [41736620-d049-11e5-bc88-5926142e7656] - CONSTRUCTOR - Desired Capabilities: {"browserName":"phantomjs","version":"","platform":"ANY"}
[INFO  - 2016-02-10T22:54:35.398Z] Session [41736620-d049-11e5-bc88-5926142e7656] - CONSTRUCTOR - Negotiated Capabilities: {"browserName":"phantomjs","version":"1.9.0","driverName":"ghostdriver","driverVersion":"1.0.3","platform":"linux-unknown-64bit","javascriptEnabled":true,"takesScreenshot":true,"handlesAlerts":false,"databaseEnabled":false,"locationContextEnabled":false,"applicationCacheEnabled":false,"browserConnectionEnabled":false,"cssSelectorsEnabled":true,"webStorageEnabled":false,"rotatable":false,"acceptSslCerts":false,"nativeEvents":true,"proxy":{"proxyType":"direct"}}
[INFO  - 2016-02-10T22:54:35.398Z] SessionManagerReqHand - _postNewSessionCommand - New Session Created: 41736620-d049-11e5-bc88-5926142e7656
[INFO  - 2016-02-10T22:55:00.043Z] ShutdownReqHand - _handle - About to shutdown
[INFO  - 2016-02-10T22:56:38.278Z] GhostDriver - Main - running on port 29003
[INFO  - 2016-02-10T22:56:38.671Z] Session [8aed0f90-d049-11e5-a7bc-11750cee69c0] - CONSTRUCTOR - Desired Capabilities: {"browserName":"phantomjs","version":"","platform":"ANY"}
[INFO  - 2016-02-10T22:56:38.673Z] Session [8aed0f90-d049-11e5-a7bc-11750cee69c0] - CONSTRUCTOR - Negotiated Capabilities: {"browserName":"phantomjs","version":"1.9.0","driverName":"ghostdriver","driverVersion":"1.0.3","platform":"linux-unknown-64bit","javascriptEnabled":true,"takesScreenshot":true,"handlesAlerts":false,"databaseEnabled":false,"locationContextEnabled":false,"applicationCacheEnabled":false,"browserConnectionEnabled":false,"cssSelectorsEnabled":true,"webStorageEnabled":false,"rotatable":false,"acceptSslCerts":false,"nativeEvents":true,"proxy":{"proxyType":"direct"}}
[INFO  - 2016-02-10T22:56:38.674Z] SessionManagerReqHand - _postNewSessionCommand - New Session Created: 8aed0f90-d049-11e5-a7bc-11750cee69c0
[INFO  - 2016-02-10T22:57:05.170Z] ShutdownReqHand - _handle - About to shutdown
[INFO  - 2016-02-10T23:04:01.651Z] GhostDriver - Main - running on port 7768
[INFO  - 2016-02-10T23:04:02.086Z] Session [9338f910-d04a-11e5-a093-db9938d121bf] - CONSTRUCTOR - Desired Capabilities: {"browserName":"phantomjs","version":"","platform":"ANY"}
[INFO  - 2016-02-10T23:04:02.087Z] Session [9338f910-d04a-11e5-a093-db9938d121bf] - CONSTRUCTOR - Negotiated Capabilities: {"browserName":"phantomjs","version":"1.9.0","driverName":"ghostdriver","driverVersion":"1.0.3","platform":"linux-unknown-64bit","javascriptEnabled":true,"takesScreenshot":true,"handlesAlerts":false,"databaseEnabled":false,"locationContextEnabled":false,"applicationCacheEnabled":false,"browserConnectionEnabled":false,"cssSelectorsEnabled":true,"webStorageEnabled":false,"rotatable":false,"acceptSslCerts":false,"nativeEvents":true,"proxy":{"proxyType":"direct"}}
[INFO  - 2016-02-10T23:04:02.087Z] SessionManagerReqHand - _postNewSessionCommand - New Session Created: 9338f910-d04a-11e5-a093-db9938d121bf
[INFO  - 2016-02-10T23:05:01.701Z] GhostDriver - Main - running on port 2071
[INFO  - 2016-02-10T23:05:02.111Z] Session [b7000fa0-d04a-11e5-ad0f-4f987b02ac16] - CONSTRUCTOR - Desired Capabilities: {"browserName":"phantomjs","version":"","platform":"ANY"}
[INFO  - 2016-02-10T23:05:02.112Z] Session [b7000fa0-d04a-11e5-ad0f-4f987b02ac16] - CONSTRUCTOR - Negotiated Capabilities: {"browserName":"phantomjs","version":"1.9.0","driverName":"ghostdriver","driverVersion":"1.0.3","platform":"linux-unknown-64bit","javascriptEnabled":true,"takesScreenshot":true,"handlesAlerts":false,"databaseEnabled":false,"locationContextEnabled":false,"applicationCacheEnabled":false,"browserConnectionEnabled":false,"cssSelectorsEnabled":true,"webStorageEnabled":false,"rotatable":false,"acceptSslCerts":false,"nativeEvents":true,"proxy":{"proxyType":"direct"}}
[INFO  - 2016-02-10T23:05:02.113Z] SessionManagerReqHand - _postNewSessionCommand - New Session Created: b7000fa0-d04a-11e5-ad0f-4f987b02ac16
[INFO  - 2016-02-10T23:05:22.818Z] ShutdownReqHand - _handle - About to shutdown
